INFO:bible_extractor.cli.main:Source '0' is 'http://ebible.org/eng-lxx2012/'
INFO:bible_extractor.extractors.ebible:(  0%) Extracting chapter GN1 in Genesis (corrected: Genesis)
INFO:bible_extractor.extractors.ebible:(  0%) Extracting chapter GN2 in Genesis (corrected: Genesis)
INFO:bible_extractor.extractors.ebible:(  0%) Extracting chapter GN3 in Genesis (corrected: Genesis)
INFO:bible_extractor.extractors.ebible:(  0%) Extracting chapter GN4 in Genesis (corrected: Genesis)
INFO:bible_extractor.extractors.ebible:(  0%) Extracting chapter GN5 in Genesis (corrected: Genesis)
INFO:bible_extractor.extractors.ebible:(  0%) Extracting chapter GN6 in Genesis (corrected: Genesis)
INFO:bible_extractor.extractors.ebible:(  0%) Extracting chapter GN7 in Genesis (corrected: Genesis)
INFO:bible_extractor.extractors.ebible:(  0%) Extracting chapter GN8 in Genesis (corrected: Genesis)
INFO:bible_extractor.extractors.ebible:(  0%) Extracting chapter GN9 in Genesis (corrected: Genesis)
INFO:bible_extractor.extractors.ebible:(  0%) Extracting chapter GN10 in Genesis (corrected: Genesis)
INFO:bible_extractor.extractors.ebible:(  0%) Extracting chapter GN11 in Genesis (corrected: Genesis)
INFO:bible_extractor.extractors.ebible:(  0%) Extracting chapter GN12 in Genesis (corrected: Genesis)
INFO:bible_extractor.extractors.ebible:(  1%) Extracting chapter GN13 in Genesis (corrected: Genesis)
INFO:bible_extractor.extractors.ebible:(  1%) Extracting chapter GN14 in Genesis (corrected: Genesis)
INFO:bible_extractor.extractors.ebible:(  1%) Extracting chapter GN15 in Genesis (corrected: Genesis)
INFO:bible_extractor.extractors.ebible:(  1%) Extracting chapter GN16 in Genesis (corrected: Genesis)
INFO:bible_extractor.extractors.ebible:(  1%) Extracting chapter GN17 in Genesis (corrected: Genesis)
INFO:bible_extractor.extractors.ebible:(  1%) Extracting chapter GN18 in Genesis (corrected: Genesis)
INFO:bible_extractor.extractors.ebible:(  1%) Extracting chapter GN19 in Genesis (corrected: Genesis)
INFO:bible_extractor.extractors.ebible:(  1%) Extracting chapter GN20 in Genesis (corrected: Genesis)
INFO:bible_extractor.extractors.ebible:(  1%) Extracting chapter GN21 in Genesis (corrected: Genesis)
INFO:bible_extractor.extractors.ebible:(  1%) Extracting chapter GN22 in Genesis (corrected: Genesis)
INFO:bible_extractor.extractors.ebible:(  1%) Extracting chapter GN23 in Genesis (corrected: Genesis)
INFO:bible_extractor.extractors.ebible:(  2%) Extracting chapter GN24 in Genesis (corrected: Genesis)
INFO:bible_extractor.extractors.ebible:(  2%) Extracting chapter GN25 in Genesis (corrected: Genesis)
INFO:bible_extractor.extractors.ebible:(  2%) Extracting chapter GN26 in Genesis (corrected: Genesis)
INFO:bible_extractor.extractors.ebible:(  2%) Extracting chapter GN27 in Genesis (corrected: Genesis)
INFO:bible_extractor.extractors.ebible:(  2%) Extracting chapter GN28 in Genesis (corrected: Genesis)
INFO:bible_extractor.extractors.ebible:(  2%) Extracting chapter GN29 in Genesis (corrected: Genesis)
INFO:bible_extractor.extractors.ebible:(  2%) Extracting chapter GN30 in Genesis (corrected: Genesis)
INFO:bible_extractor.extractors.ebible:(  2%) Extracting chapter GN31 in Genesis (corrected: Genesis)
INFO:bible_extractor.extractors.ebible:(  2%) Extracting chapter GN32 in Genesis (corrected: Genesis)
INFO:bible_extractor.extractors.ebible:(  2%) Extracting chapter GN33 in Genesis (corrected: Genesis)
INFO:bible_extractor.extractors.ebible:(  2%) Extracting chapter GN34 in Genesis (corrected: Genesis)
Traceback (most recent call last):
  File "/usr/local/Cellar/python/3.6.4_3/Frameworks/Python.framework/Versions/3.6/lib/python3.6/runpy.py", line 193, in _run_module_as_main
    "__main__", mod_spec)
  File "/usr/local/Cellar/python/3.6.4_3/Frameworks/Python.framework/Versions/3.6/lib/python3.6/runpy.py", line 85, in _run_code
    exec(code, run_globals)
  File "/Users/johnrizkalla/Documents/bible/bible_extractor/__main__.py", line 5, in <module>
    main()
  File "/Users/johnrizkalla/Documents/bible/bible_extractor/cli.py", line 177, in main
    bible = extract(source)
  File "/Users/johnrizkalla/Documents/bible/bible_extractor/extract.py", line 58, in extract
    return DEFAULT_EXTRACTOR.extract(url)
  File "/Users/johnrizkalla/Documents/bible/bible_extractor/extract.py", line 51, in extract
    return self.extractors[url](url)
  File "/Users/johnrizkalla/Documents/bible/bible_extractor/extractors/ebible.py", line 85, in ebible_extractor
    http.get(SECTION_URL.format(chap_code)).text, "html5lib")
  File "/Users/johnrizkalla/Documents/bible/env/lib/python3.6/site-packages/requests/api.py", line 70, in get
    return request('get', url, params=params, **kwargs)
  File "/Users/johnrizkalla/Documents/bible/env/lib/python3.6/site-packages/requests/api.py", line 56, in request
    return session.request(method=method, url=url, **kwargs)
  File "/Users/johnrizkalla/Documents/bible/env/lib/python3.6/site-packages/requests/sessions.py", line 488, in request
    resp = self.send(prep, **send_kwargs)
  File "/Users/johnrizkalla/Documents/bible/env/lib/python3.6/site-packages/requests/sessions.py", line 609, in send
    r = adapter.send(request, **kwargs)
  File "/Users/johnrizkalla/Documents/bible/env/lib/python3.6/site-packages/requests/adapters.py", line 423, in send
    timeout=timeout
  File "/Users/johnrizkalla/Documents/bible/env/lib/python3.6/site-packages/requests/packages/urllib3/connectionpool.py", line 594, in urlopen
    chunked=chunked)
  File "/Users/johnrizkalla/Documents/bible/env/lib/python3.6/site-packages/requests/packages/urllib3/connectionpool.py", line 361, in _make_request
    conn.request(method, url, **httplib_request_kw)
  File "/usr/local/Cellar/python/3.6.4_3/Frameworks/Python.framework/Versions/3.6/lib/python3.6/http/client.py", line 1239, in request
    self._send_request(method, url, body, headers, encode_chunked)
  File "/usr/local/Cellar/python/3.6.4_3/Frameworks/Python.framework/Versions/3.6/lib/python3.6/http/client.py", line 1285, in _send_request
    self.endheaders(body, encode_chunked=encode_chunked)
  File "/usr/local/Cellar/python/3.6.4_3/Frameworks/Python.framework/Versions/3.6/lib/python3.6/http/client.py", line 1234, in endheaders
    self._send_output(message_body, encode_chunked=encode_chunked)
  File "/usr/local/Cellar/python/3.6.4_3/Frameworks/Python.framework/Versions/3.6/lib/python3.6/http/client.py", line 1026, in _send_output
    self.send(msg)
  File "/usr/local/Cellar/python/3.6.4_3/Frameworks/Python.framework/Versions/3.6/lib/python3.6/http/client.py", line 964, in send
    self.connect()
  File "/Users/johnrizkalla/Documents/bible/env/lib/python3.6/site-packages/requests/packages/urllib3/connection.py", line 163, in connect
    conn = self._new_conn()
  File "/Users/johnrizkalla/Documents/bible/env/lib/python3.6/site-packages/requests/packages/urllib3/connection.py", line 138, in _new_conn
    (self.host, self.port), self.timeout, **extra_kw)
  File "/Users/johnrizkalla/Documents/bible/env/lib/python3.6/site-packages/requests/packages/urllib3/util/connection.py", line 88, in create_connection
    sock.connect(sa)
KeyboardInterrupt
